2.914097309112548828e+00
2.783658504486083984e+00
2.666628360748291016e+00
2.581982135772705078e+00
2.436079978942871094e+00
2.459324359893798828e+00
2.246056079864501953e+00
2.184893369674682617e+00
2.221623420715332031e+00
2.176640033721923828e+00
2.045044422149658203e+00
2.032796621322631836e+00
2.273292779922485352e+00
2.023522853851318359e+00
1.919403672218322754e+00
2.001523256301879883e+00
1.914335608482360840e+00
1.997336506843566895e+00
1.924327969551086426e+00
1.751422762870788574e+00
1.805005192756652832e+00
1.933318972587585449e+00
1.869680643081665039e+00
1.706807017326354980e+00
2.009567260742187500e+00
1.583458900451660156e+00
1.782560229301452637e+00
1.613080739974975586e+00
2.000326395034790039e+00
1.755644440650939941e+00
1.679064750671386719e+00
1.742574810981750488e+00
1.767866611480712891e+00
2.015701770782470703e+00
1.803122997283935547e+00
1.963915944099426270e+00
1.792770862579345703e+00
2.215282678604125977e+00
1.734961748123168945e+00
1.842851638793945312e+00
1.719502449035644531e+00
2.216716051101684570e+00
1.652001857757568359e+00
1.663072228431701660e+00
1.723853111267089844e+00
1.721890449523925781e+00
2.451064825057983398e+00
1.743348002433776855e+00
2.045017480850219727e+00
1.559264063835144043e+00
1.862155318260192871e+00
1.561755299568176270e+00
1.731898069381713867e+00
1.691402435302734375e+00
1.628390073776245117e+00
1.419986009597778320e+00
1.535879731178283691e+00
1.646757483482360840e+00
1.693563342094421387e+00
2.183898448944091797e+00
1.819899082183837891e+00
1.596313714981079102e+00
1.704561591148376465e+00
1.866532564163208008e+00
1.572224617004394531e+00
1.817628383636474609e+00
1.557992577552795410e+00
1.614740848541259766e+00
1.542475461959838867e+00
1.592580318450927734e+00
1.555319547653198242e+00
1.963588833808898926e+00
1.523944258689880371e+00
1.648771524429321289e+00
1.335965156555175781e+00
1.421664476394653320e+00
2.048574686050415039e+00
1.466697216033935547e+00
1.497816801071166992e+00
1.360847830772399902e+00
2.002559423446655273e+00
1.571832299232482910e+00
1.589744567871093750e+00
1.851916909217834473e+00
1.749805927276611328e+00
1.463857412338256836e+00
1.437812328338623047e+00
1.300796985626220703e+00
1.780841708183288574e+00
1.617823600769042969e+00
1.768987894058227539e+00
1.536101341247558594e+00
1.500126123428344727e+00
1.476113319396972656e+00
1.390311837196350098e+00
2.168404102325439453e+00
2.241172313690185547e+00
1.340257167816162109e+00
1.706535696983337402e+00
1.689585208892822266e+00
1.853678584098815918e+00
1.501508474349975586e+00
1.904642462730407715e+00
1.522414684295654297e+00
1.655524492263793945e+00
1.423622488975524902e+00
1.399460792541503906e+00
1.696579217910766602e+00
1.464582324028015137e+00
1.772672057151794434e+00
1.789479374885559082e+00
1.470688700675964355e+00
1.638873100280761719e+00
1.804867148399353027e+00
1.868199825286865234e+00
1.638340115547180176e+00
1.357499480247497559e+00
1.760256052017211914e+00
1.657273054122924805e+00
1.563709974288940430e+00
1.322614312171936035e+00
1.475556254386901855e+00
1.400487065315246582e+00
1.827828526496887207e+00
1.482767701148986816e+00
1.621401429176330566e+00
1.927272796630859375e+00
1.680612206459045410e+00
1.487952947616577148e+00
1.750570535659790039e+00
1.573556661605834961e+00
1.541957497596740723e+00
1.421252608299255371e+00
1.522428035736083984e+00
1.625336170196533203e+00
1.407553076744079590e+00
1.416562438011169434e+00
1.495766878128051758e+00
1.803251981735229492e+00
1.557172656059265137e+00
1.495609998703002930e+00
1.522185802459716797e+00
1.507954239845275879e+00
1.692303299903869629e+00
1.567942023277282715e+00
1.442593693733215332e+00
1.255274534225463867e+00
1.968803882598876953e+00
1.196627616882324219e+00
1.605057954788208008e+00
1.448048233985900879e+00
1.155988454818725586e+00
1.605376958847045898e+00
2.219006538391113281e+00
1.618336915969848633e+00
1.411861658096313477e+00
1.532570719718933105e+00
1.699034452438354492e+00
1.560082912445068359e+00
1.565821886062622070e+00
1.420000314712524414e+00
1.443675637245178223e+00
1.135123729705810547e+00
1.486674070358276367e+00
1.662559509277343750e+00
1.572975039482116699e+00
1.652495980262756348e+00
1.298528552055358887e+00
1.544290542602539062e+00
1.339404940605163574e+00
1.501530408859252930e+00
1.413182973861694336e+00
1.399544477462768555e+00
1.863150715827941895e+00
1.506097555160522461e+00
1.727997303009033203e+00
1.402410268783569336e+00
1.448344230651855469e+00
1.338020563125610352e+00
1.575085878372192383e+00
1.792511343955993652e+00
1.501811027526855469e+00
1.615388631820678711e+00
1.329450607299804688e+00
1.338245868682861328e+00
1.150858521461486816e+00
1.263944864273071289e+00
1.354729056358337402e+00
1.984421014785766602e+00
1.595688939094543457e+00
1.132608771324157715e+00
1.478704333305358887e+00
1.460833549499511719e+00
1.295449495315551758e+00
1.251725912094116211e+00
1.662284374237060547e+00
1.627167701721191406e+00
1.436936974525451660e+00
1.375467300415039062e+00
1.380221128463745117e+00
1.419908404350280762e+00
1.256631612777709961e+00
1.599692106246948242e+00
1.377432823181152344e+00
1.470659732818603516e+00
1.405650973320007324e+00
1.720725774765014648e+00
1.273620367050170898e+00
1.437871575355529785e+00
1.676877140998840332e+00
1.449888110160827637e+00
1.159746646881103516e+00
1.751945018768310547e+00
1.471866488456726074e+00
2.277393102645874023e+00
1.192963838577270508e+00
1.891999363899230957e+00
1.261439919471740723e+00
1.594123363494873047e+00
1.865448951721191406e+00
1.529567241668701172e+00
1.437422871589660645e+00
1.978389501571655273e+00
1.429823040962219238e+00
1.329584836959838867e+00
1.494103550910949707e+00
1.386521697044372559e+00
1.488541483879089355e+00
1.784716725349426270e+00
1.556496977806091309e+00
1.234552145004272461e+00
1.547869324684143066e+00
1.797169804573059082e+00
1.422448277473449707e+00
1.464699506759643555e+00
1.134428858757019043e+00
1.420560359954833984e+00
1.238935232162475586e+00
1.529386878013610840e+00
1.369713068008422852e+00
1.614559412002563477e+00
1.447156190872192383e+00
1.708656191825866699e+00
1.532374858856201172e+00
1.503273725509643555e+00
1.421803474426269531e+00
1.463640213012695312e+00
1.626816987991333008e+00
1.422322034835815430e+00
1.519400596618652344e+00
1.331430077552795410e+00
1.274719476699829102e+00
1.707338333129882812e+00
1.887320876121520996e+00
1.356619715690612793e+00
1.330919623374938965e+00
1.462172985076904297e+00
1.574943661689758301e+00
1.602545261383056641e+00
1.543651103973388672e+00
1.533952236175537109e+00
1.354995965957641602e+00
1.167864561080932617e+00
1.659331798553466797e+00
1.421486377716064453e+00
1.388515472412109375e+00
1.753812789916992188e+00
1.446428537368774414e+00
1.450066328048706055e+00
1.466301321983337402e+00
1.549801588058471680e+00
1.570091724395751953e+00
1.660171270370483398e+00
1.829633831977844238e+00
1.650024414062500000e+00
1.652767539024353027e+00
1.415538072586059570e+00
1.263542175292968750e+00
1.376867055892944336e+00
1.421161890029907227e+00
1.335080385208129883e+00
1.434243917465209961e+00
1.819572567939758301e+00
1.619283556938171387e+00
1.435076117515563965e+00
1.323845386505126953e+00
1.139068365097045898e+00
1.396970033645629883e+00
1.083028674125671387e+00
1.304286360740661621e+00
1.881364822387695312e+00
1.772273182868957520e+00
1.312330245971679688e+00
1.653870940208435059e+00
1.136750817298889160e+00
1.291690111160278320e+00
1.196618676185607910e+00
1.544397234916687012e+00
1.425739169120788574e+00
1.378552436828613281e+00
1.282271742820739746e+00
1.742504715919494629e+00
1.233535647392272949e+00
2.710126876831054688e+00
1.319226264953613281e+00
1.315649867057800293e+00
1.308915257453918457e+00
1.181033015251159668e+00
1.772705078125000000e+00
1.192599654197692871e+00
1.415655374526977539e+00
1.516681671142578125e+00
1.421471595764160156e+00
1.268760561943054199e+00
1.413239121437072754e+00
1.150125145912170410e+00
1.443282961845397949e+00
1.468389987945556641e+00
1.590100049972534180e+00
1.605101585388183594e+00
1.386182904243469238e+00
1.204306602478027344e+00
1.339402318000793457e+00
1.543445706367492676e+00
1.520774483680725098e+00
1.263136148452758789e+00
1.554406642913818359e+00
1.392341136932373047e+00
1.223839759826660156e+00
1.138339400291442871e+00
1.410674571990966797e+00
1.352464199066162109e+00
1.398616552352905273e+00
1.134336471557617188e+00
1.342827558517456055e+00
1.019645094871520996e+00
1.605379700660705566e+00
1.218846797943115234e+00
1.637938499450683594e+00
1.357788562774658203e+00
1.137627363204956055e+00
1.568760156631469727e+00
1.600558996200561523e+00
1.994128704071044922e+00
1.667006492614746094e+00
1.432948708534240723e+00
2.614162921905517578e+00
1.947852015495300293e+00
1.610712409019470215e+00
1.511314392089843750e+00
1.140819191932678223e+00
1.299241542816162109e+00
1.566250562667846680e+00
1.386949062347412109e+00
1.402507305145263672e+00
1.234527468681335449e+00
1.205152869224548340e+00
1.373050570487976074e+00
1.695706248283386230e+00
1.553421020507812500e+00
1.248871088027954102e+00
1.226631164550781250e+00
1.570622682571411133e+00
1.401326894760131836e+00
1.618291139602661133e+00
1.826681971549987793e+00
1.222703695297241211e+00
1.208057880401611328e+00
1.181407451629638672e+00
1.749132633209228516e+00
1.386177420616149902e+00
1.278212308883666992e+00
1.649374604225158691e+00
1.287653923034667969e+00
1.567452073097229004e+00
1.459742069244384766e+00
1.683542966842651367e+00
1.479687929153442383e+00
1.511702179908752441e+00
1.505145788192749023e+00
1.139720678329467773e+00
1.120049118995666504e+00
1.365128397941589355e+00
1.605168104171752930e+00
1.178714513778686523e+00
1.346424818038940430e+00
1.244873762130737305e+00
1.318501234054565430e+00
1.265206217765808105e+00
1.325473427772521973e+00
1.525560379028320312e+00
1.174934148788452148e+00
1.364366292953491211e+00
1.446373343467712402e+00
1.594507217407226562e+00
1.362877845764160156e+00
1.560916900634765625e+00
1.724713444709777832e+00
1.295282125473022461e+00
1.793491244316101074e+00
1.424746870994567871e+00
1.722707986831665039e+00
1.287520170211791992e+00
1.146485328674316406e+00
1.244439244270324707e+00
1.441310763359069824e+00
1.275812029838562012e+00
1.556673765182495117e+00
1.672692298889160156e+00
1.334437131881713867e+00
1.858986377716064453e+00
1.385908007621765137e+00
1.243963241577148438e+00
1.397632241249084473e+00
1.490687489509582520e+00
1.272014260292053223e+00
1.146884202957153320e+00
1.228911161422729492e+00
1.246696949005126953e+00
1.892755270004272461e+00
1.354623198509216309e+00
1.292731881141662598e+00
1.335874199867248535e+00
1.517259597778320312e+00
1.208659648895263672e+00
1.307612299919128418e+00
1.525025725364685059e+00
1.157378315925598145e+00
1.335377931594848633e+00
1.099109768867492676e+00
1.353616118431091309e+00
1.842076301574707031e+00
1.229024648666381836e+00
1.188440322875976562e+00
1.220595002174377441e+00
1.322304248809814453e+00
1.012987613677978516e+00
1.588950276374816895e+00
1.343531847000122070e+00
2.088937759399414062e+00
1.407895803451538086e+00
1.564866662025451660e+00
1.237239837646484375e+00
1.568053603172302246e+00
1.015507578849792480e+00
1.438939332962036133e+00
1.504282236099243164e+00
1.434576630592346191e+00
1.250213384628295898e+00
1.690007448196411133e+00
1.067622184753417969e+00
1.064087390899658203e+00
1.318217754364013672e+00
1.368425130844116211e+00
1.077573657035827637e+00
1.720730781555175781e+00
1.534593105316162109e+00
1.729445934295654297e+00
1.380963563919067383e+00
1.262648463249206543e+00
1.023482084274291992e+00
1.270894289016723633e+00
1.290354609489440918e+00
1.498126745223999023e+00
1.346744060516357422e+00
2.047029018402099609e+00
1.256560206413269043e+00
1.230666518211364746e+00
1.470144987106323242e+00
1.780022978782653809e+00
1.110343813896179199e+00
1.917404294013977051e+00
1.406863212585449219e+00
1.266054868698120117e+00
1.355422973632812500e+00
1.180487871170043945e+00
1.536855340003967285e+00
1.410441398620605469e+00
1.664568662643432617e+00
1.456469893455505371e+00
1.497909426689147949e+00
1.357664942741394043e+00
1.225825428962707520e+00
1.371448040008544922e+00
1.541241288185119629e+00
1.605623602867126465e+00
1.253636837005615234e+00
1.301917195320129395e+00
1.340524196624755859e+00
1.162276029586791992e+00
1.388479828834533691e+00
1.209978580474853516e+00
1.298969030380249023e+00
1.782745361328125000e+00
1.609028220176696777e+00
1.569646954536437988e+00
1.391632080078125000e+00
1.756266355514526367e+00
1.285276174545288086e+00
1.505396962165832520e+00
1.213672995567321777e+00
1.172930240631103516e+00
1.623061180114746094e+00
1.569020748138427734e+00
1.773524999618530273e+00
1.436383247375488281e+00
1.310836791992187500e+00
1.380781412124633789e+00
1.329261064529418945e+00
1.177656769752502441e+00
1.346073508262634277e+00
1.193626403808593750e+00
1.275873422622680664e+00
1.403559803962707520e+00
1.163816928863525391e+00
1.597381472587585449e+00
1.244398474693298340e+00
1.782246351242065430e+00
1.398579001426696777e+00
1.513817667961120605e+00
1.927534461021423340e+00
1.718433856964111328e+00
1.340429782867431641e+00
1.417055964469909668e+00
1.099214076995849609e+00
1.182791709899902344e+00
1.252349853515625000e+00
1.120746612548828125e+00
1.112799763679504395e+00
1.347483158111572266e+00
2.052702903747558594e+00
1.474835991859436035e+00
1.343763232231140137e+00
1.353025317192077637e+00
1.536235690116882324e+00
1.467302680015563965e+00
1.142266869544982910e+00
1.280086994171142578e+00
1.069436430931091309e+00
1.323094367980957031e+00
1.390043139457702637e+00
1.389637470245361328e+00
1.422510981559753418e+00
1.492758035659790039e+00
1.331516742706298828e+00
1.271560549736022949e+00
1.064884185791015625e+00
1.196752905845642090e+00
1.182846546173095703e+00
1.640463829040527344e+00
1.476689934730529785e+00
1.196691989898681641e+00
1.540642023086547852e+00
1.981801033020019531e+00
1.148706674575805664e+00
1.444074511528015137e+00
1.323548674583435059e+00
1.543412923812866211e+00
1.523233175277709961e+00
1.249369025230407715e+00
1.398373246192932129e+00
1.349483132362365723e+00
1.234005212783813477e+00
1.046628832817077637e+00
1.512321710586547852e+00
1.255591154098510742e+00
1.328156828880310059e+00
1.394541978836059570e+00
1.442870616912841797e+00
1.149307131767272949e+00
1.020501613616943359e+00
1.543327331542968750e+00
1.611074090003967285e+00
1.599160790443420410e+00
1.253529548645019531e+00
1.500699996948242188e+00
1.587641239166259766e+00
1.477038502693176270e+00
1.581052184104919434e+00
1.669460415840148926e+00
1.437584638595581055e+00
1.169222354888916016e+00
1.213500142097473145e+00
1.270132660865783691e+00
1.630154371261596680e+00
1.416013479232788086e+00
1.300381541252136230e+00
1.133287549018859863e+00
1.164963483810424805e+00
1.637916803359985352e+00
1.577916502952575684e+00
1.261271715164184570e+00
1.328791260719299316e+00
1.675413846969604492e+00
1.208268284797668457e+00
1.031234383583068848e+00
1.507315158843994141e+00
1.399316310882568359e+00
1.194594860076904297e+00
1.415286540985107422e+00
1.325951218605041504e+00
1.149587631225585938e+00
1.425725221633911133e+00
1.648691534996032715e+00
1.227805495262145996e+00
1.359768509864807129e+00
1.204241156578063965e+00
1.476608395576477051e+00
1.384682536125183105e+00
1.608676075935363770e+00
1.316616654396057129e+00
1.316057562828063965e+00
1.528447151184082031e+00
1.596202373504638672e+00
1.255014061927795410e+00
1.325747013092041016e+00
1.174634695053100586e+00
1.338787555694580078e+00
1.120904326438903809e+00
1.571988940238952637e+00
1.175751924514770508e+00
1.626397609710693359e+00
1.667784810066223145e+00
1.170916795730590820e+00
1.170106768608093262e+00
1.338632822036743164e+00
1.374396204948425293e+00
1.158469676971435547e+00
1.086001753807067871e+00
1.216729998588562012e+00
1.318265914916992188e+00
1.084894895553588867e+00
1.100293636322021484e+00
1.167665839195251465e+00
1.168622255325317383e+00
1.215721964836120605e+00
1.502454638481140137e+00
1.461226701736450195e+00
1.416479229927062988e+00
1.391686558723449707e+00
1.093125343322753906e+00
1.380921244621276855e+00
1.000550746917724609e+00
1.475901961326599121e+00
1.322829246520996094e+00
1.283910751342773438e+00
1.400108456611633301e+00
1.230410456657409668e+00
1.590522170066833496e+00
1.041541099548339844e+00
1.346032738685607910e+00
1.454676628112792969e+00
1.146321415901184082e+00
1.198742389678955078e+00
1.467426061630249023e+00
1.186961770057678223e+00
1.433673977851867676e+00
1.793109178543090820e+00
1.242828130722045898e+00
1.423998236656188965e+00
1.656230330467224121e+00
1.586005449295043945e+00
1.219321966171264648e+00
1.352200984954833984e+00
1.416436195373535156e+00
1.481796026229858398e+00
1.211156845092773438e+00
1.222116112709045410e+00
1.118145942687988281e+00
1.612706065177917480e+00
1.202111721038818359e+00
1.148588061332702637e+00
1.402918338775634766e+00
1.076250195503234863e+00
1.119512438774108887e+00
1.294365167617797852e+00
1.291937589645385742e+00
1.273435592651367188e+00
1.236888647079467773e+00
1.258685827255249023e+00
1.158527135848999023e+00
1.252066850662231445e+00
1.503557085990905762e+00
1.832150578498840332e+00
1.221054553985595703e+00
1.048182010650634766e+00
1.336835622787475586e+00
1.202099204063415527e+00
1.375179290771484375e+00
1.520080924034118652e+00
1.343817949295043945e+00
1.287369370460510254e+00
1.395262956619262695e+00
9.730124473571777344e-01
1.100583195686340332e+00
1.386796474456787109e+00
2.069868087768554688e+00
1.657932877540588379e+00
9.009452462196350098e-01
1.484198570251464844e+00
1.451720237731933594e+00
1.376515746116638184e+00
1.402798533439636230e+00
1.294601678848266602e+00
1.102539300918579102e+00
8.980731964111328125e-01
1.327963948249816895e+00
1.038390278816223145e+00
1.138510584831237793e+00
1.230730056762695312e+00
1.445828080177307129e+00
1.213820695877075195e+00
1.117675662040710449e+00
1.060230255126953125e+00
1.401092767715454102e+00
1.179551959037780762e+00
1.251797437667846680e+00
1.535113573074340820e+00
1.194952487945556641e+00
1.294047713279724121e+00
1.267856717109680176e+00
1.135898709297180176e+00
1.436669349670410156e+00
9.355537295341491699e-01
1.073121547698974609e+00
1.652531027793884277e+00
1.379033088684082031e+00
1.326162457466125488e+00
1.548155069351196289e+00
1.199552297592163086e+00
1.551821827888488770e+00
1.221693277359008789e+00
1.682788848876953125e+00
1.640637993812561035e+00
1.455662488937377930e+00
1.570526719093322754e+00
1.193199634552001953e+00
1.280732750892639160e+00
1.161097884178161621e+00
1.189622163772583008e+00
1.186990976333618164e+00
1.522524714469909668e+00
1.496729373931884766e+00
1.495968103408813477e+00
1.592409133911132812e+00
1.351855993270874023e+00
1.507775783538818359e+00
1.563807845115661621e+00
1.413928270339965820e+00
1.421165466308593750e+00
1.182927846908569336e+00
1.994296908378601074e+00
1.398984909057617188e+00
1.202492833137512207e+00
1.377200007438659668e+00
1.357546806335449219e+00
1.285629391670227051e+00
1.399801015853881836e+00
1.075996041297912598e+00
1.091275334358215332e+00
1.459376454353332520e+00
1.258573293685913086e+00
1.684637665748596191e+00
1.069809556007385254e+00
1.483994603157043457e+00
1.110082626342773438e+00
1.458551168441772461e+00
1.064905762672424316e+00
1.181040763854980469e+00
1.405283689498901367e+00
1.344225883483886719e+00
1.349820137023925781e+00
1.916912794113159180e+00
1.284027218818664551e+00
1.332783222198486328e+00
1.515697240829467773e+00
1.567250609397888184e+00
9.449165463447570801e-01
8.821780681610107422e-01
1.113647460937500000e+00
1.540901899337768555e+00
8.044212460517883301e-01
9.164378046989440918e-01
1.323829054832458496e+00
9.625043272972106934e-01
9.201753139495849609e-01
1.366021871566772461e+00
1.254130482673645020e+00
1.457073688507080078e+00
1.392573595046997070e+00
1.676605701446533203e+00
1.306766986846923828e+00
1.193984270095825195e+00
1.168510437011718750e+00
1.822857260704040527e+00
1.282302141189575195e+00
1.168814182281494141e+00
1.158345699310302734e+00
1.110996246337890625e+00
1.526479482650756836e+00
1.152847886085510254e+00
1.186088204383850098e+00
1.255426287651062012e+00
1.638326764106750488e+00
1.151739239692687988e+00
1.482405543327331543e+00
1.202088594436645508e+00
1.353580713272094727e+00
1.469644546508789062e+00
1.292232751846313477e+00
1.052570104598999023e+00
1.232221722602844238e+00
1.160931706428527832e+00
1.438730120658874512e+00
1.402994394302368164e+00
9.775277376174926758e-01
1.893053650856018066e+00
1.158334016799926758e+00
1.354379415512084961e+00
1.270499825477600098e+00
1.181695342063903809e+00
1.207504272460937500e+00
1.117863178253173828e+00
1.114038109779357910e+00
1.224244236946105957e+00
1.045878648757934570e+00
1.187903046607971191e+00
1.323206663131713867e+00
1.157394647598266602e+00
1.106606125831604004e+00
1.363974928855895996e+00
1.751146554946899414e+00
1.303456902503967285e+00
1.437070012092590332e+00
1.143962025642395020e+00
1.390655398368835449e+00
1.524739265441894531e+00
1.121773242950439453e+00
1.579338550567626953e+00
1.272545337677001953e+00
1.758235096931457520e+00
1.395402073860168457e+00
1.284177184104919434e+00
1.541035652160644531e+00
1.032651305198669434e+00
1.270627140998840332e+00
1.491715073585510254e+00
1.348943829536437988e+00
1.521183609962463379e+00
9.223285913467407227e-01
1.531682372093200684e+00
1.344642877578735352e+00
9.675682187080383301e-01
1.801007866859436035e+00
1.087067604064941406e+00
1.012429237365722656e+00
1.219481229782104492e+00
1.140052676200866699e+00
1.182772636413574219e+00
1.163328647613525391e+00
1.011349678039550781e+00
1.171943068504333496e+00
1.400941133499145508e+00
1.143341422080993652e+00
1.200258016586303711e+00
1.281155109405517578e+00
1.713371157646179199e+00
1.069898962974548340e+00
1.374224305152893066e+00
1.460871934890747070e+00
1.118901848793029785e+00
1.292729258537292480e+00
1.961317062377929688e+00
9.577229022979736328e-01
1.205308675765991211e+00
1.462319850921630859e+00
1.379723668098449707e+00
1.373369932174682617e+00
1.034738540649414062e+00
1.546753406524658203e+00
1.148974776268005371e+00
1.252314805984497070e+00
1.379360437393188477e+00
1.429663181304931641e+00
1.327743411064147949e+00
1.448768377304077148e+00
9.434846639633178711e-01
1.005343198776245117e+00
1.298550367355346680e+00
1.080476284027099609e+00
1.049893975257873535e+00
1.185714721679687500e+00
1.513881087303161621e+00
1.243141889572143555e+00
1.326871752738952637e+00
1.509848952293395996e+00
1.089807271957397461e+00
1.364873409271240234e+00
1.100363492965698242e+00
1.273488640785217285e+00
1.364809632301330566e+00
1.350998640060424805e+00
1.113547682762145996e+00
1.451626539230346680e+00
1.272877216339111328e+00
1.750031948089599609e+00
1.423123598098754883e+00
1.521643638610839844e+00
1.569677472114562988e+00
8.956384062767028809e-01
1.827055215835571289e+00
1.306768417358398438e+00
1.183492779731750488e+00
1.268422007560729980e+00
1.569435358047485352e+00
1.024690747261047363e+00
1.332079052925109863e+00
1.428187012672424316e+00
1.140834569931030273e+00
1.213228344917297363e+00
1.308069825172424316e+00
1.183539152145385742e+00
1.316930532455444336e+00
1.834719300270080566e+00
1.086923122406005859e+00
1.380163788795471191e+00
1.053490519523620605e+00
1.225191712379455566e+00
1.172403216361999512e+00
1.570606350898742676e+00
1.118056058883666992e+00
1.140573978424072266e+00
1.386482238769531250e+00
9.351573586463928223e-01
1.665322184562683105e+00
1.384766578674316406e+00
1.323603510856628418e+00
1.356693744659423828e+00
1.260093212127685547e+00
1.238040089607238770e+00
1.110423684120178223e+00
1.084174275398254395e+00
1.223657727241516113e+00
1.586565732955932617e+00
1.250172138214111328e+00
1.445601105690002441e+00
1.475682854652404785e+00
1.250102162361145020e+00
1.485580444335937500e+00
1.000668883323669434e+00
1.226006865501403809e+00
1.261501431465148926e+00
1.340286493301391602e+00
1.230929374694824219e+00
1.366098999977111816e+00
1.147379159927368164e+00
1.139517903327941895e+00
1.821712851524353027e+00
1.102633595466613770e+00
8.541049361228942871e-01
1.255138635635375977e+00
1.543615937232971191e+00
1.362158060073852539e+00
1.172477483749389648e+00
1.023693680763244629e+00
1.074679136276245117e+00
1.292915582656860352e+00
1.227923512458801270e+00
1.270753502845764160e+00
1.535137534141540527e+00
1.468680262565612793e+00
1.140962243080139160e+00
1.131249785423278809e+00
9.254797697067260742e-01
1.367841124534606934e+00
1.080793976783752441e+00
1.248955011367797852e+00
1.273854970932006836e+00
1.277583479881286621e+00
1.394437909126281738e+00
1.273416519165039062e+00
1.654525876045227051e+00
1.195958614349365234e+00
1.230864882469177246e+00
1.529398083686828613e+00
1.466377735137939453e+00
2.113492250442504883e+00
1.184419870376586914e+00
1.274811148643493652e+00
1.253401041030883789e+00
1.402463793754577637e+00
1.473159313201904297e+00
1.868356704711914062e+00
1.298316478729248047e+00
1.166164994239807129e+00
1.478881597518920898e+00
1.286791086196899414e+00
1.274363517761230469e+00
1.921956777572631836e+00
